mode: count
github.com/networknext/backend/modules/relay_frontend/config.go:18.35,23.16 4 0
github.com/networknext/backend/modules/relay_frontend/config.go:27.2,28.16 2 0
github.com/networknext/backend/modules/relay_frontend/config.go:32.2,35.16 3 0
github.com/networknext/backend/modules/relay_frontend/config.go:39.2,40.16 2 0
github.com/networknext/backend/modules/relay_frontend/config.go:44.2,45.16 2 0
github.com/networknext/backend/modules/relay_frontend/config.go:49.2,49.17 1 0
github.com/networknext/backend/modules/relay_frontend/config.go:23.16,25.3 1 0
github.com/networknext/backend/modules/relay_frontend/config.go:28.16,30.3 1 0
github.com/networknext/backend/modules/relay_frontend/config.go:35.16,37.3 1 0
github.com/networknext/backend/modules/relay_frontend/config.go:40.16,42.3 1 0
github.com/networknext/backend/modules/relay_frontend/config.go:45.16,47.3 1 0
github.com/networknext/backend/modules/relay_frontend/relay_frontend.go:35.124,47.2 9 11
github.com/networknext/backend/modules/relay_frontend/relay_frontend.go:49.32,51.2 1 0
github.com/networknext/backend/modules/relay_frontend/relay_frontend.go:53.48,61.16 3 1
github.com/networknext/backend/modules/relay_frontend/relay_frontend.go:64.2,64.12 1 1
github.com/networknext/backend/modules/relay_frontend/relay_frontend.go:61.16,63.3 1 0
github.com/networknext/backend/modules/relay_frontend/relay_frontend.go:67.44,69.2 1 2
github.com/networknext/backend/modules/relay_frontend/relay_frontend.go:71.52,73.16 2 3
github.com/networknext/backend/modules/relay_frontend/relay_frontend.go:77.2,78.64 2 3
github.com/networknext/backend/modules/relay_frontend/relay_frontend.go:82.2,82.76 1 3
github.com/networknext/backend/modules/relay_frontend/relay_frontend.go:86.2,86.22 1 3
github.com/networknext/backend/modules/relay_frontend/relay_frontend.go:91.2,91.24 1 2
github.com/networknext/backend/modules/relay_frontend/relay_frontend.go:98.2,98.12 1 2
github.com/networknext/backend/modules/relay_frontend/relay_frontend.go:73.16,75.3 1 0
github.com/networknext/backend/modules/relay_frontend/relay_frontend.go:78.64,80.3 1 0
github.com/networknext/backend/modules/relay_frontend/relay_frontend.go:82.76,84.3 1 1
github.com/networknext/backend/modules/relay_frontend/relay_frontend.go:86.22,89.3 2 1
github.com/networknext/backend/modules/relay_frontend/relay_frontend.go:91.24,93.17 2 1
github.com/networknext/backend/modules/relay_frontend/relay_frontend.go:96.3,96.27 1 1
github.com/networknext/backend/modules/relay_frontend/relay_frontend.go:93.17,95.4 1 0
github.com/networknext/backend/modules/relay_frontend/relay_frontend.go:101.67,103.16 2 2
github.com/networknext/backend/modules/relay_frontend/relay_frontend.go:107.2,108.63 2 2
github.com/networknext/backend/modules/relay_frontend/relay_frontend.go:112.2,112.88 1 2
github.com/networknext/backend/modules/relay_frontend/relay_frontend.go:116.2,116.51 1 2
github.com/networknext/backend/modules/relay_frontend/relay_frontend.go:124.2,125.16 2 2
github.com/networknext/backend/modules/relay_frontend/relay_frontend.go:129.2,129.12 1 2
github.com/networknext/backend/modules/relay_frontend/relay_frontend.go:103.16,105.3 1 0
github.com/networknext/backend/modules/relay_frontend/relay_frontend.go:108.63,110.3 1 0
github.com/networknext/backend/modules/relay_frontend/relay_frontend.go:112.88,114.3 1 1
github.com/networknext/backend/modules/relay_frontend/relay_frontend.go:116.51,118.17 2 1
github.com/networknext/backend/modules/relay_frontend/relay_frontend.go:121.3,121.47 1 1
github.com/networknext/backend/modules/relay_frontend/relay_frontend.go:118.17,120.4 1 0
github.com/networknext/backend/modules/relay_frontend/relay_frontend.go:125.16,127.3 1 0
github.com/networknext/backend/modules/relay_frontend/relay_frontend.go:132.61,134.16 2 3
github.com/networknext/backend/modules/relay_frontend/relay_frontend.go:138.2,139.67 2 3
github.com/networknext/backend/modules/relay_frontend/relay_frontend.go:143.2,143.72 1 3
github.com/networknext/backend/modules/relay_frontend/relay_frontend.go:158.2,158.12 1 3
github.com/networknext/backend/modules/relay_frontend/relay_frontend.go:134.16,136.3 1 0
github.com/networknext/backend/modules/relay_frontend/relay_frontend.go:139.67,141.3 1 0
github.com/networknext/backend/modules/relay_frontend/relay_frontend.go:143.72,145.17 2 2
github.com/networknext/backend/modules/relay_frontend/relay_frontend.go:148.3,149.31 2 2
github.com/networknext/backend/modules/relay_frontend/relay_frontend.go:145.17,147.4 1 0
github.com/networknext/backend/modules/relay_frontend/relay_frontend.go:149.31,150.54 1 6
github.com/networknext/backend/modules/relay_frontend/relay_frontend.go:150.54,152.19 2 2
github.com/networknext/backend/modules/relay_frontend/relay_frontend.go:152.19,154.6 1 0
github.com/networknext/backend/modules/relay_frontend/relay_frontend.go:161.91,163.16 2 1
github.com/networknext/backend/modules/relay_frontend/relay_frontend.go:167.2,168.16 2 1
github.com/networknext/backend/modules/relay_frontend/relay_frontend.go:172.2,172.12 1 1
github.com/networknext/backend/modules/relay_frontend/relay_frontend.go:163.16,165.3 1 0
github.com/networknext/backend/modules/relay_frontend/relay_frontend.go:168.16,170.3 1 0
github.com/networknext/backend/modules/relay_frontend/relay_frontend.go:175.65,178.16 2 2
github.com/networknext/backend/modules/relay_frontend/relay_frontend.go:181.2,182.20 2 2
github.com/networknext/backend/modules/relay_frontend/relay_frontend.go:188.2,190.12 2 2
github.com/networknext/backend/modules/relay_frontend/relay_frontend.go:178.16,180.3 1 0
github.com/networknext/backend/modules/relay_frontend/relay_frontend.go:183.32,184.25 1 1
github.com/networknext/backend/modules/relay_frontend/relay_frontend.go:185.31,186.30 1 1
github.com/networknext/backend/modules/relay_frontend/relay_frontend.go:193.46,196.16 3 1
github.com/networknext/backend/modules/relay_frontend/relay_frontend.go:200.2,200.31 1 1
github.com/networknext/backend/modules/relay_frontend/relay_frontend.go:209.2,210.16 2 1
github.com/networknext/backend/modules/relay_frontend/relay_frontend.go:214.2,214.31 1 1
github.com/networknext/backend/modules/relay_frontend/relay_frontend.go:222.2,222.12 1 1
github.com/networknext/backend/modules/relay_frontend/relay_frontend.go:196.16,198.3 1 0
github.com/networknext/backend/modules/relay_frontend/relay_frontend.go:200.31,201.61 1 3
github.com/networknext/backend/modules/relay_frontend/relay_frontend.go:201.61,203.18 2 1
github.com/networknext/backend/modules/relay_frontend/relay_frontend.go:203.18,205.5 1 0
github.com/networknext/backend/modules/relay_frontend/relay_frontend.go:210.16,212.3 1 0
github.com/networknext/backend/modules/relay_frontend/relay_frontend.go:214.31,215.61 1 6
github.com/networknext/backend/modules/relay_frontend/relay_frontend.go:215.61,217.18 2 4
github.com/networknext/backend/modules/relay_frontend/relay_frontend.go:217.18,219.5 1 0
github.com/networknext/backend/modules/relay_frontend/relay_frontend.go:225.89,227.29 2 2
github.com/networknext/backend/modules/relay_frontend/relay_frontend.go:236.2,236.12 1 2
github.com/networknext/backend/modules/relay_frontend/relay_frontend.go:239.2,239.12 1 2
github.com/networknext/backend/modules/relay_frontend/relay_frontend.go:227.29,228.26 1 12
github.com/networknext/backend/modules/relay_frontend/relay_frontend.go:228.26,231.18 3 4
github.com/networknext/backend/modules/relay_frontend/relay_frontend.go:231.18,233.5 1 0
github.com/networknext/backend/modules/relay_frontend/relay_frontend.go:236.12,238.3 1 0
github.com/networknext/backend/modules/relay_frontend/relay_frontend.go:242.107,243.29 1 6
github.com/networknext/backend/modules/relay_frontend/relay_frontend.go:251.2,251.14 1 3
github.com/networknext/backend/modules/relay_frontend/relay_frontend.go:243.29,244.17 1 15
github.com/networknext/backend/modules/relay_frontend/relay_frontend.go:244.17,245.50 1 5
github.com/networknext/backend/modules/relay_frontend/relay_frontend.go:248.4,248.9 1 2
github.com/networknext/backend/modules/relay_frontend/relay_frontend.go:245.50,247.5 1 3
github.com/networknext/backend/modules/relay_frontend/relay_frontend.go:254.100,255.29 1 5
github.com/networknext/backend/modules/relay_frontend/relay_frontend.go:263.2,263.14 1 3
github.com/networknext/backend/modules/relay_frontend/relay_frontend.go:255.29,256.26 1 20
github.com/networknext/backend/modules/relay_frontend/relay_frontend.go:256.26,257.50 1 4
github.com/networknext/backend/modules/relay_frontend/relay_frontend.go:260.4,260.9 1 2
github.com/networknext/backend/modules/relay_frontend/relay_frontend.go:257.50,259.5 1 2
github.com/networknext/backend/modules/relay_frontend/relay_frontend.go:266.126,267.28 1 6
github.com/networknext/backend/modules/relay_frontend/relay_frontend.go:275.2,275.14 1 4
github.com/networknext/backend/modules/relay_frontend/relay_frontend.go:267.28,268.34 1 12
github.com/networknext/backend/modules/relay_frontend/relay_frontend.go:268.34,269.51 1 4
github.com/networknext/backend/modules/relay_frontend/relay_frontend.go:272.4,272.9 1 2
github.com/networknext/backend/modules/relay_frontend/relay_frontend.go:269.51,271.5 1 2
github.com/networknext/backend/modules/relay_frontend/relay_frontend.go:278.97,281.29 3 5
github.com/networknext/backend/modules/relay_frontend/relay_frontend.go:293.2,293.21 1 5
github.com/networknext/backend/modules/relay_frontend/relay_frontend.go:281.29,282.50 1 15
github.com/networknext/backend/modules/relay_frontend/relay_frontend.go:285.3,285.45 1 7
github.com/networknext/backend/modules/relay_frontend/relay_frontend.go:288.3,288.68 1 5
github.com/networknext/backend/modules/relay_frontend/relay_frontend.go:291.3,291.16 1 5
github.com/networknext/backend/modules/relay_frontend/relay_frontend.go:282.50,283.12 1 8
github.com/networknext/backend/modules/relay_frontend/relay_frontend.go:285.45,286.12 1 2
github.com/networknext/backend/modules/relay_frontend/relay_frontend.go:288.68,289.12 1 0
github.com/networknext/backend/modules/relay_frontend/relay_frontend.go:296.90,299.29 3 5
github.com/networknext/backend/modules/relay_frontend/relay_frontend.go:311.2,311.29 1 5
github.com/networknext/backend/modules/relay_frontend/relay_frontend.go:299.29,300.50 1 30
github.com/networknext/backend/modules/relay_frontend/relay_frontend.go:303.3,303.62 1 14
github.com/networknext/backend/modules/relay_frontend/relay_frontend.go:306.3,306.102 1 9
github.com/networknext/backend/modules/relay_frontend/relay_frontend.go:309.3,309.15 1 9
github.com/networknext/backend/modules/relay_frontend/relay_frontend.go:300.50,301.12 1 16
github.com/networknext/backend/modules/relay_frontend/relay_frontend.go:303.62,304.12 1 5
github.com/networknext/backend/modules/relay_frontend/relay_frontend.go:306.102,307.12 1 0
github.com/networknext/backend/modules/relay_frontend/relay_frontend.go:314.113,317.27 3 6
github.com/networknext/backend/modules/relay_frontend/relay_frontend.go:330.2,330.23 1 6
github.com/networknext/backend/modules/relay_frontend/relay_frontend.go:334.2,334.30 1 5
github.com/networknext/backend/modules/relay_frontend/relay_frontend.go:317.27,318.51 1 18
github.com/networknext/backend/modules/relay_frontend/relay_frontend.go:321.3,321.39 1 11
github.com/networknext/backend/modules/relay_frontend/relay_frontend.go:324.3,324.62 1 7
github.com/networknext/backend/modules/relay_frontend/relay_frontend.go:327.3,327.16 1 7
github.com/networknext/backend/modules/relay_frontend/relay_frontend.go:318.51,319.12 1 7
github.com/networknext/backend/modules/relay_frontend/relay_frontend.go:321.39,322.12 1 4
github.com/networknext/backend/modules/relay_frontend/relay_frontend.go:324.62,325.12 1 0
github.com/networknext/backend/modules/relay_frontend/relay_frontend.go:330.23,332.3 1 1
github.com/networknext/backend/modules/relay_frontend/relay_frontend.go:337.52,339.16 2 2
github.com/networknext/backend/modules/relay_frontend/relay_frontend.go:343.2,344.22 2 2
github.com/networknext/backend/modules/relay_frontend/relay_frontend.go:347.2,350.53 4 2
github.com/networknext/backend/modules/relay_frontend/relay_frontend.go:354.2,354.20 1 2
github.com/networknext/backend/modules/relay_frontend/relay_frontend.go:339.16,341.3 1 0
github.com/networknext/backend/modules/relay_frontend/relay_frontend.go:344.22,346.3 1 0
github.com/networknext/backend/modules/relay_frontend/relay_frontend.go:350.53,352.3 1 0
github.com/networknext/backend/modules/relay_frontend/relay_frontend.go:357.80,359.20 2 3
github.com/networknext/backend/modules/relay_frontend/relay_frontend.go:367.2,367.18 1 2
github.com/networknext/backend/modules/relay_frontend/relay_frontend.go:360.32,361.77 1 1
github.com/networknext/backend/modules/relay_frontend/relay_frontend.go:362.31,363.83 1 1
github.com/networknext/backend/modules/relay_frontend/relay_frontend.go:364.10,365.53 1 1
github.com/networknext/backend/modules/relay_frontend/relay_frontend.go:370.87,371.56 1 1
github.com/networknext/backend/modules/relay_frontend/relay_frontend.go:371.56,376.17 4 1
github.com/networknext/backend/modules/relay_frontend/relay_frontend.go:376.17,378.4 1 0
github.com/networknext/backend/modules/relay_frontend/relay_frontend.go:382.92,383.56 1 1
github.com/networknext/backend/modules/relay_frontend/relay_frontend.go:383.56,390.17 6 1
github.com/networknext/backend/modules/relay_frontend/relay_frontend.go:390.17,392.4 1 0
